        -:    0:Source:Date.cc
        -:    0:Graph:Date.gcno
        -:    0:Data:Date.gcda
        -:    0:Runs:2
        -:    0:Programs:1
        -:    1:#include "Date.h"
        -:    2:#include <cassert>	// assert
        -:    3:#include <iomanip>
        -:    4:#include <time.h>
        -:    5:
        -:    6:using namespace std;
        -:    7:
        -:    8:// Return true if year is a leap year, false if it isn’t.
        -:    9://
        -:   10:// The rules are:
        -:   11:// • Years divisible by 4 are leap years, except
        -:   12:// • years divisible by 100 are NOT leap years, except
        -:   13:// • years divisible by 400 ARE leap years.
        -:   14://
        -:   15:// Examples:
        -:   16:// • Leap years: 1600, 2000, 2004, 2008, 2400
        -:   17:// • Not leap years: 1700, 1800, 1900, 2001, 2002, 2003
        -:   18://
        -:   19:// Ancient Romans used only the divisible-by-4 rule, which gives an
        -:   20:// average year length of 365.25 days.  This was called the Julian
        -:   21:// Calendar, after Julius Caesar, who promoted it.
        -:   22://
        -:   23:// However, the actual length of the year (365.24217 days) is a bit less
        -:   24:// than that, so Pope Gregory XIII added the next two rules, creating
        -:   25:// our current Gregorian Calendar, which is closer (365.2425 days).
        -:   26:
   726628:   27:static bool leap(int year) {		// Calculate Gregorian leap year
  726628*:   28:    assert(1 <= year && year <= 9999);
   726628:   29:    if (year % 4 == 0){			// Divisible by 4?
   179978:   30:        if (year % 400 == 0)		// Divisible by 400?
     1942:   31:	        return true;			// It’s a leap year.
        -:   32:        else 		            // Divisible by 100?
   178036:   33:	        return false;			// Not a leap year.
        -:   34:    }    
   546650:   35:    return false;			// Boring plain non-leap year.
        -:   36:}
        -:   37:
   715052:   38:static int days_per_year(int year) {
  715052*:   39:    assert(1 <= year && year <= 9999);
   715052:   40:    return leap(year) ? 366 : 365;
        -:   41:}
        -:   42:
    76152:   43:static int days_per_month(int year, int month) {
   76152*:   44:    assert(1 <= year && year <= 9999);
   76152*:   45:    assert(1 <= month && month <= 12);
    76152:   46:    const int days[] = {00,31,28,31,30,31,30,31,31,30,31,30,31};
    76152:   47:    if (month==2 && leap(year))
      176:   48:	return 29;
    75976:   49:    return days[month];
        -:   50:}
        -:   51:
      118:   52:int Date::ymd_to_daynum(int year, int month, int day) {
     118*:   53:    assert(1 <= year && year <= 9999);
     118*:   54:    assert(1 <= month && month <= 12);
     118*:   55:    assert(1 <= day && day <= 31);
        -:   56:
        -:   57:    // Start at Jan 1, 0001, and increment until we get to what we want
      118:   58:    int daynum=1;
        -:   59:
   139770:   60:    for (int y=1; y < year; y++)
   139652:   61:	daynum += days_per_year(y);
        -:   62:
      786:   63:    for (int m=1; m < month; m++)
      668:   64:	daynum += days_per_month(year, m);
        -:   65:
        -:   66:    // We're now poised at the first day of that month
      118:   67:    daynum += day-1;
        -:   68:
     118*:   69:    assert(1 <= daynum && daynum <= 10000 * 366);
      118:   70:    return daynum;
        -:   71:}
        -:   72:
      432:   73:static void daynum_to_ymd(int daynum, int &year, int &month, int &day) {
     432*:   74:    assert(1 <= daynum && daynum <= 10000 * 366);
        -:   75:
      432:   76:    int y=1, m=1, d=1;
        -:   77:
        -:   78:#if 1
        -:   79:    // Jump forward by years, at first.
        -:   80:    // Why 400 instead of 365 or 366?  Too much caution, I suppose.
   575832:   81:    while (daynum >= 400)
   575400:   82:	daynum -= days_per_year(y++);
        -:   83:#endif
        -:   84:
    75916:   85:    for (; daynum>1; daynum--) {
        -:   86:	// Increment y-m-d
    75484:   87:	d++;
    75484:   88:	if (d > days_per_month(y, m)) {
     2290:   89:	    m++;
     2290:   90:	    d=1;
     2290:   91:	    if (m > 12) {
       18:   92:		y++;
       18:   93:		m=1;
        -:   94:	    }
        -:   95:	}
        -:   96:    }
        -:   97:
      432:   98:    year = y;
      432:   99:    month = m;
      432:  100:    day = d;
        -:  101:
     432*:  102:    assert(1 <= year && year <= 9999);
     432*:  103:    assert(1 <= month && month <= 12);
     432*:  104:    assert(1 <= day && day <= 31);
      432:  105:}
        -:  106:
      108:  107:Date::Date(int year, int month, int day)
      108:  108:: daynum(ymd_to_daynum(year, month, day)) {
     108*:  109:    assert(1 <= year && year <= 9999);
     108*:  110:    assert(1 <= month && month <= 12);
     108*:  111:    assert(1 <= day && day <= 31);
     108*:  112:    assert(1 <= daynum && daynum <= 10000 * 366);
      108:  113:}
        -:  114:
        4:  115:Date::Date() {
        4:  116:    const time_t now = time(nullptr);	    // Seconds since 1970 started
        4:  117:    struct tm *tm = localtime(&now);	    // year/month/day/hour/min/sec
        4:  118:    daynum = ymd_to_daynum(tm->tm_year+1900, tm->tm_mon+1, tm->tm_mday);
        -:  119:    // Yes, 1900.  That’s not a Y2K bug--that’s how localtime is defined.
        4:  120:}
        -:  121:
      142:  122:int Date::getday() const {
        -:  123:    int year, month, day;
      142:  124:    daynum_to_ymd(daynum, year, month, day);
      142:  125:    return day;
        -:  126:}
        -:  127:
      142:  128:int Date::getmonth() const {
        -:  129:    int year, month, day;
      142:  130:    daynum_to_ymd(daynum, year, month, day);
      142:  131:    return month;
        -:  132:}
        -:  133:
      142:  134:int Date::getyear() const {
        -:  135:    int year, month, day;
      142:  136:    daynum_to_ymd(daynum, year, month, day);
      142:  137:    return year;
        -:  138:}
        -:  139:
        2:  140:void Date::setday(int new_day) {
        -:  141:    int year, month, day;
        2:  142:    daynum_to_ymd(daynum, year, month, day);
        2:  143:    daynum = ymd_to_daynum(year, month, new_day);
        2:  144:}
        -:  145:
        2:  146:void Date::setmonth(int new_month) {
        -:  147:    int year, month, day;
        2:  148:    daynum_to_ymd(daynum, year, month, day);
        2:  149:    daynum = ymd_to_daynum(year, new_month, day);
        2:  150:}
        -:  151:
        2:  152:void Date::setyear(int new_year) {
        -:  153:    int year, month, day;
        2:  154:    daynum_to_ymd(daynum, year, month, day);
        2:  155:    daynum = ymd_to_daynum(new_year, month, day);
        2:  156:}
        -:  157:
        -:  158:// This one stands alone
        -:  159:
        4:  160:int Date::operator-(const Date &rhs) const {
        4:  161:    return daynum - rhs.daynum;
        -:  162:}
        -:  163:
        -:  164:// This does the real work of all numeric operations.
        -:  165:// All other operators (+, -, ++, -=, etc) should invoke operator+=.
        -:  166:
       20:  167:Date &Date::operator+=(int value) {
       20:  168:    daynum += value;
       20:  169:    return *this;
        -:  170:}
        -:  171:
        6:  172:Date Date::operator+(int value) const {
        6:  173:    Date result = *this;
        6:  174:    return result += value;
        -:  175:}
        -:  176:
        2:  177:const Date &Date::operator++() {			// prefix
        2:  178:    *this += 1;
        2:  179:    return *this;
        -:  180:}
        -:  181:
        2:  182:Date Date::operator++(int /* dummy */) {		// postfix
        2:  183:    const auto before = *this;
        2:  184:    *this += 1;
        2:  185:    return before;
        -:  186:}
        -:  187:
        2:  188:Date Date::operator-(int value) const {
        2:  189:    return *this + -value;
        -:  190:}
        -:  191:
        8:  192:Date &Date::operator-=(int value) {
        8:  193:    return *this += -value;
        -:  194:}
        -:  195:
        2:  196:const Date &Date::operator--() {			// prefix
        2:  197:    *this -= 1;
        2:  198:    return *this;
        -:  199:}
        -:  200:
        2:  201:Date Date::operator--(int /* dummy */) {		// postfix
        2:  202:    Date before = *this;
        2:  203:    *this -= 1;
        2:  204:    return before;
        -:  205:}
        -:  206:
        -:  207:
        4:  208:bool Date::operator<(const Date &rhs) const {
        4:  209:    return daynum < rhs.daynum;
        -:  210:}
        -:  211:
        6:  212:bool Date::operator<=(const Date &rhs) const {
        6:  213:    return daynum <= rhs.daynum;
        -:  214:}
        -:  215:
        4:  216:bool Date::operator>(const Date &rhs) const {
        4:  217:    return daynum > rhs.daynum;
        -:  218:}
        -:  219:
        6:  220:bool Date::operator>=(const Date &rhs) const {
        6:  221:    return daynum >= rhs.daynum;
        -:  222:}
        -:  223:
        4:  224:bool Date::operator==(const Date &rhs) const {
        4:  225:    return daynum == rhs.daynum;
        -:  226:}
        -:  227:
        4:  228:bool Date::operator!=(const Date &rhs) const {
        4:  229:    return daynum != rhs.daynum;
        -:  230:}
        -:  231:
        -:  232:// non-methods (free functions):
        -:  233:
        2:  234:Date operator+(int value, const Date &rhs) {
        2:  235:    return rhs + value;
        -:  236:}
        -:  237:
      142:  238:ostream &operator<<(ostream &out, const Date &d) {
      142:  239:    return out << d.getyear() << '-' << d.getmonth() << '-' << d.getday();
        -:  240:}
        -:  241:
      110:  242:istream &operator>>(istream &in, Date &d) {
        -:  243:    int year, month, day;
        -:  244:    char c1, c2;
      216:  245:    if (in >> year  >> c1 && c1=='-'
      104:  246:     && in >> month >> c2 && c2=='-'
      216:  247:     && in >> day)
      104:  248:	d = Date(year, month, day);
        -:  249:    else
        6:  250:	in.setstate(ios::failbit);	// Input failed, so spoil the stream
      110:  251:    return in;
        -:  252:}
